<?xml version="1.0" encoding="UTF-8"?>
<testsuite name="ru.netology.DeliveryCardTest" tests="11" skipped="0" failures="0" errors="0" timestamp="2022-10-24T18:25:56" hostname="LAPTOP-JE6DPQ30" time="25.475">
  <properties/>
  <testcase name="shouldSendDataForDelivery()" classname="ru.netology.DeliveryCardTest" time="14.212"/>
  <testcase name="shouldTestTheCity()" classname="ru.netology.DeliveryCardTest" time="1.224"/>
  <testcase name="shouldTestTheData()" classname="ru.netology.DeliveryCardTest" time="1.247"/>
  <testcase name="shouldTestNotAgreement()" classname="ru.netology.DeliveryCardTest" time="1.048"/>
  <testcase name="shouldTestForPlusAnInvalidNumberPluss()" classname="ru.netology.DeliveryCardTest" time="1.172"/>
  <testcase name="shouldTestCityNo()" classname="ru.netology.DeliveryCardTest" time="1.063"/>
  <testcase name="shouldTestNoName()" classname="ru.netology.DeliveryCardTest" time="1.107"/>
  <testcase name="shouldTestAnNameIsIncorrect()" classname="ru.netology.DeliveryCardTest" time="1.158"/>
  <testcase name="shouldTestAnInvalidNumber()" classname="ru.netology.DeliveryCardTest" time="1.167"/>
  <testcase name="shouldTestDateFieldTestDateNo()" classname="ru.netology.DeliveryCardTest" time="0.994"/>
  <testcase name="shouldTestNoPhone()" classname="ru.netology.DeliveryCardTest" time="1.076"/>
  <system-out><![CDATA[]]></system-out>
  <system-err><![CDATA[[Test worker] INFO com.codeborne.selenide.impl.WebDriverThreadLocalContainer - No webdriver is bound to current thread: 14 - let's create a new webdriver
[Test worker] INFO com.codeborne.selenide.impl.FileHelper - Creating folder: C:\My Project\5.5_Card_Delivery\build\downloads\1666635956145_4196_14
[Test worker] INFO io.github.bonigarcia.wdm.WebDriverManager - Using chromedriver 106.0.5249.61 (resolved driver for Chrome 106)
[Test worker] INFO io.github.bonigarcia.wdm.WebDriverManager - Exporting webdriver.chrome.driver as C:\Users\stage\.cache\selenium\chromedriver\win32\106.0.5249.61\chromedriver.exe
Starting ChromeDriver 106.0.5249.61 (511755355844955cd3e264779baf0dd38212a4d0-refs/branch-heads/5249@{#569}) on port 37835
Only local connections are allowed.
Please see https://chromedriver.chromium.org/security-considerations for suggestions on keeping ChromeDriver safe.
ChromeDriver was started successfully.
окт. 24, 2022 11:25:57 PM org.openqa.selenium.remote.ProtocolHandshake createSession
INFO: Detected dialect: W3C
[Test worker] INFO com.codeborne.selenide.webdriver.BrowserResizer - Set browser size to 1366x768
[Test worker] INFO com.codeborne.selenide.webdriver.WebDriverFactory - BrowserName=chrome Version=106.0.5249.119 Platform=WINDOWS
[Test worker] INFO com.codeborne.selenide.webdriver.WebDriverFactory - Selenide v. 5.19.0
[Test worker] INFO com.codeborne.selenide.webdriver.WebDriverFactory - Selenium WebDriver v. 3.141.59 build time: 2018-11-14T08:17:03
[Test worker] INFO com.codeborne.selenide.drivercommands.CreateDriverCommand - Create webdriver in current thread 14: ChromeDriver -> ChromeDriver: chrome on WINDOWS (de64800821ccf320b3288de129bbb66e)
]]></system-err>
</testsuite>
